<?xml version="1.0" encoding="UTF-8"?>
<testsuite xmlns:xsi="http://www.w3.org/2001/XMLSchema-instance" xsi:noNamespaceSchemaLocation="https://maven.apache.org/surefire/maven-surefire-plugin/xsd/surefire-test-report.xsd" name="com.qa.labs.cucumberOption.testRunner" time="2.172" tests="7" errors="0" skipped="0" failures="0">
  <properties>
[...]
</properties>
  <testcase name="Home Page default login with proper credentials" classname="application account functionality" time="0.321"/>
  <testcase name="Home Page with data parameterization #1" classname="application account functionality" time="0.121"/>
  <testcase name="Home Page with data parameterization #2" classname="application account functionality" time="0.108"/>
  <testcase name="Home Page default login with proper credentials" classname="application login functionality" time="0.107"/>
  <testcase name="Home Page with data parameterization #1" classname="application login functionality" time="0.092"/>
  <testcase name="Home Page with data parameterization #2" classname="application login functionality" time="0.096"/>
  <testcase name="Home Page default login with proper credentials for Regression" classname="application login functionality to check hooks #2" time="0.067"/>
</testsuite>